<?xml version="1.0" encoding="UTF-8"?>
<!-- Generated by org.testng.reporters.JUnitXMLReporter -->
<testsuite hostname="DESKTOP-6QJKN6Q" ignored="0" name="Command line test" tests="1" failures="0" timestamp="2020-06-13T10:55:36 GST" time="0.08" errors="0">
  <testcase name="@BeforeTest setUp" time="-1.592031336018E9" classname="MultiBrowserTest.TestNGMultiBrowserTest">
    <failure type="org.testng.TestNGException" message="
Parameter &amp;apos;browserName&amp;apos; is required by BeforeTest on method setUp but has not been marked @Optional or defined
">
      <![CDATA[org.testng.TestNGException: 
Parameter 'browserName' is required by BeforeTest on method setUp but has not been marked @Optional or defined

... Removed 30 stack frames]]>
    </failure>
  </testcase> <!-- @BeforeTest setUp -->
  <testcase name="@AfterTest tearDown" time="-1.592031336093E9" classname="MultiBrowserTest.TestNGMultiBrowserTest">
    <skipped/>
  </testcase> <!-- @AfterTest tearDown -->
  <testcase name="fillFormTest" time="0.0" classname="MultiBrowserTest.TestNGMultiBrowserTest">
    <skipped/>
  </testcase> <!-- fillFormTest -->
</testsuite> <!-- Command line test -->
