<?xml version="1.0" encoding="UTF-8"?>
<!-- Generated by org.testng.reporters.JUnitReportReporter -->
<testsuite skipped="0" hostname="DESKTOP-6QJKN6Q" name="TestNGGrouping.DemoUserRegistrationGrouping" tests="10" failures="0" timestamp="2020-06-18T11:09:29 GST" time="27.855" errors="1">
  <testcase name="initialLogin" time="5.026" classname="TestNGGrouping.DemoUserRegistrationGrouping"/>
  <system-out/>
  <testcase name="fillFormTest" time="3.286" classname="TestNGGrouping.DemoUserRegistrationGrouping"/>
  <system-out/>
  <testcase name="verifyTapTitle" time="0.015" classname="TestNGGrouping.DemoUserRegistrationGrouping"/>
  <system-out/>
  <testcase name="verifyRegisterPageNameTitle" time="0.062" classname="TestNGGrouping.DemoUserRegistrationGrouping"/>
  <system-out/>
  <testcase name="chooseUploadFileTest" time="1.640" classname="TestNGGrouping.DemoUserRegistrationGrouping"/>
  <system-out/>
  <testcase name="select_RadioBtn_GenderTest" time="0.182" classname="TestNGGrouping.DemoUserRegistrationGrouping"/>
  <system-out/>
  <testcase name="select_CheckBoxes_hobby" time="0.017" classname="TestNGGrouping.DemoUserRegistrationGrouping">
    <error type="org.testng.internal.thread.ThreadTimeoutException" message="Method TestNGGrouping.DemoUserRegistrationGrouping.select_CheckBoxes_hobby() didn&#039;t finish within the time-out 10">
      <![CDATA[org.testng.internal.thread.ThreadTimeoutException: Method TestNGGrouping.DemoUserRegistrationGrouping.select_CheckBoxes_hobby() didn't finish within the time-out 10
at org.testng.internal.MethodInvocationHelper.invokeWithTimeoutWithNewExecutor(MethodInvocationHelper.java:374)
at org.testng.internal.MethodInvocationHelper.invokeWithTimeout(MethodInvocationHelper.java:285)
at org.testng.internal.TestInvoker.invokeMethod(TestInvoker.java:604)
at org.testng.internal.TestInvoker.invokeTestMethod(TestInvoker.java:174)
at org.testng.internal.MethodRunner.runInSequence(MethodRunner.java:46)
at org.testng.internal.TestInvoker$MethodInvocationAgent.invoke(TestInvoker.java:821)
at org.testng.internal.TestInvoker.invokeTestMethods(TestInvoker.java:147)
at org.testng.internal.TestMethodWorker.invokeTestMethods(TestMethodWorker.java:146)
at org.testng.internal.TestMethodWorker.run(TestMethodWorker.java:128)
at java.util.ArrayList.forEach(ArrayList.java:1257)
at org.testng.TestRunner.privateRun(TestRunner.java:767)
at org.testng.TestRunner.run(TestRunner.java:588)
at org.testng.SuiteRunner.runTest(SuiteRunner.java:384)
at org.testng.SuiteRunner.runSequentially(SuiteRunner.java:378)
at org.testng.SuiteRunner.privateRun(SuiteRunner.java:337)
at org.testng.SuiteRunner.run(SuiteRunner.java:286)
at org.testng.SuiteRunnerWorker.runSuite(SuiteRunnerWorker.java:53)
at org.testng.SuiteRunnerWorker.run(SuiteRunnerWorker.java:96)
at org.testng.TestNG.runSuitesSequentially(TestNG.java:1214)
at org.testng.TestNG.runSuitesLocally(TestNG.java:1136)
at org.testng.TestNG.runSuites(TestNG.java:1066)
at org.testng.TestNG.run(TestNG.java:1034)
at org.testng.remote.AbstractRemoteTestNG.run(AbstractRemoteTestNG.java:115)
at org.testng.remote.RemoteTestNG.initAndRun(RemoteTestNG.java:251)
at org.testng.remote.RemoteTestNG.main(RemoteTestNG.java:77)
]]>
    </error>
  </testcase> <!-- select_CheckBoxes_hobby -->
  <system-out/>
  <testcase name="select_Language_Dropdown_Test" time="1.027" classname="TestNGGrouping.DemoUserRegistrationGrouping"/>
  <system-out/>
  <testcase name="select_DateofBirth_DropdownTest" time="6.261" classname="TestNGGrouping.DemoUserRegistrationGrouping"/>
  <system-out/>
  <testcase name="mouseHover_Alertmethod_Test" time="10.339" classname="TestNGGrouping.DemoUserRegistrationGrouping"/>
  <system-out/>
</testsuite> <!-- TestNGGrouping.DemoUserRegistrationGrouping -->
